<?xml version="1.0" encoding="UTF-8"?>
<!-- Generated by org.testng.reporters.JUnitXMLReporter -->
<testsuite ignored="1" hostname="DESKTOP-15ARI1I" failures="0" tests="4" name="Test" time="14.797" errors="0" timestamp="2023-12-14T15:18:54 IST">
  <testcase classname="com.mavendemo.Facebook" name="LaunchBrowser" time="9.631"/>
  <testcase classname="com.mavendemo.Facebook" name="credentialsValidation" time="0.308"/>
  <testcase classname="com.mavendemo.Demo" name="LaunchBrowser" time="4.491"/>
  <testcase classname="com.mavendemo.Demo" name="Input" time="0.252"/>
  <testcase classname="com.mavendemo.Demo" name="Button" time="0.0">
    <ignored/>
  </testcase> <!-- Button -->
</testsuite> <!-- Test -->
